Using pre-set license
Built from '2021.3/staging' branch; Version is '2021.3.4f1 (cb45f9cae8b7) revision 13321721'; Using compiler version '192829333'; Build Type 'Release'
OS: 'Windows 10  (10.0.19045) 64bit Core' Language: 'en' Physical Memory: 12101 MB
BatchMode: 1, IsHumanControllingUs: 0, StartBugReporterOnCrash: 0, Is64bit: 1, IsPro: 1

COMMAND LINE ARGUMENTS:
C:\Program Files\Unity\Hub\Editor\2021.3.4f1 - Copy\Editor\Unity.exe
-adb2
-batchMode
-noUpm
-name
AssetImportWorker0
-projectPath
C:/Users/joshg/Documents/GitHub/Survival/SGame
-logFile
Logs/AssetImportWorker0.log
-srvPort
49569
Successfully changed project path to: C:/Users/joshg/Documents/GitHub/Survival/SGame
C:/Users/joshg/Documents/GitHub/Survival/SGame
[UnityMemory] Configuration Parameters - Can be set up in boot.config
    "memorysetup-bucket-allocator-granularity=16"
    "memorysetup-bucket-allocator-bucket-count=8"
    "memorysetup-bucket-allocator-block-size=33554432"
    "memorysetup-bucket-allocator-block-count=8"
    "memorysetup-main-allocator-block-size=16777216"
    "memorysetup-thread-allocator-block-size=16777216"
    "memorysetup-gfx-main-allocator-block-size=16777216"
    "memorysetup-gfx-thread-allocator-block-size=16777216"
    "memorysetup-cache-allocator-block-size=4194304"
    "memorysetup-typetree-allocator-block-size=2097152"
    "memorysetup-profiler-bucket-allocator-granularity=16"
    "memorysetup-profiler-bucket-allocator-bucket-count=8"
    "memorysetup-profiler-bucket-allocator-block-size=33554432"
    "memorysetup-profiler-bucket-allocator-block-count=8"
    "memorysetup-profiler-allocator-block-size=16777216"
    "memorysetup-profiler-editor-allocator-block-size=1048576"
    "memorysetup-temp-allocator-size-main=16777216"
    "memorysetup-job-temp-allocator-block-size=2097152"
    "memorysetup-job-temp-allocator-block-size-background=1048576"
    "memorysetup-job-temp-allocator-reduction-small-platforms=262144"
    "memorysetup-temp-allocator-size-background-worker=32768"
    "memorysetup-temp-allocator-size-job-worker=262144"
    "memorysetup-temp-allocator-size-preload-manager=33554432"
    "memorysetup-temp-allocator-size-nav-mesh-worker=65536"
    "memorysetup-temp-allocator-size-audio-worker=65536"
    "memorysetup-temp-allocator-size-cloud-worker=32768"
    "memorysetup-temp-allocator-size-gi-baking-worker=262144"
    "memorysetup-temp-allocator-size-gfx=262144"
Refreshing native plugins compatible for Editor in 475.58 ms, found 4 plugins.
Preloading 0 native plugins for Editor in 0.00 ms.
Initialize engine version: 2021.3.4f1 (cb45f9cae8b7)
[Subsystems] Discovering subsystems at path C:/Program Files/Unity/Hub/Editor/2021.3.4f1 - Copy/Editor/Data/Resources/UnitySubsystems
[Subsystems] Discovering subsystems at path C:/Users/joshg/Documents/GitHub/Survival/SGame/Assets
GfxDevice: creating device client; threaded=0; jobified=0
Direct3D:
    Version:  Direct3D 11.0 [level 11.1]
    Renderer: Intel(R) UHD Graphics 620 (ID=0x3ea0)
    Vendor:   Intel
    VRAM:     6050 MB
    Driver:   26.20.100.7323
Initialize mono
Mono path[0] = 'C:/Program Files/Unity/Hub/Editor/2021.3.4f1 - Copy/Editor/Data/Managed'
Mono path[1] = 'C:/Program Files/Unity/Hub/Editor/2021.3.4f1 - Copy/Editor/Data/MonoBleedingEdge/lib/mono/unityjit-win32'
Mono config path = 'C:/Program Files/Unity/Hub/Editor/2021.3.4f1 - Copy/Editor/Data/MonoBleedingEdge/etc'
Using monoOptions --debugger-agent=transport=dt_socket,embedding=1,server=y,suspend=n,address=127.0.0.1:56004
Begin MonoManager ReloadAssembly
Registering precompiled unity dll's ...
Register platform support module: C:/Program Files/Unity/Hub/Editor/2021.3.4f1 - Copy/Editor/Data/PlaybackEngines/MacStandaloneSupport/UnityEditor.OSXStandalone.Extensions.dll
Register platform support module: C:/Program Files/Unity/Hub/Editor/2021.3.4f1 - Copy/Editor/Data/PlaybackEngines/WindowsStandaloneSupport/UnityEditor.WindowsStandalone.Extensions.dll
Register platform support module: C:/Program Files/Unity/Hub/Editor/2021.3.4f1 - Copy/Editor/Data/PlaybackEngines/MetroSupport/UnityEditor.UWP.Extensions.dll
Registered in 0.025218 seconds.
Native extension for UWP target not found
Native extension for WindowsStandalone target not found
Native extension for OSXStandalone target not found
Refreshing native plugins compatible for Editor in 319.02 ms, found 4 plugins.
Preloading 0 native plugins for Editor in 0.00 ms.
Mono: successfully reloaded assembly
- Completed reload, in  2.011 seconds
Domain Reload Profiling:
	ReloadAssembly (2012ms)
		BeginReloadAssembly (215ms)
			ExecutionOrderSort (0ms)
			DisableScriptedObjects (0ms)
			BackupInstance (0ms)
			ReleaseScriptingObjects (0ms)
			CreateAndSetChildDomain (1ms)
		EndReloadAssembly (1457ms)
			LoadAssemblies (212ms)
			RebuildTransferFunctionScriptingTraits (0ms)
			SetupTypeCache (348ms)
			ReleaseScriptCaches (0ms)
			RebuildScriptCaches (91ms)
			SetupLoadedEditorAssemblies (858ms)
				LogAssemblyErrors (0ms)
				InitializePlatformSupportModulesInManaged (39ms)
				SetLoadedEditorAssemblies (0ms)
				RefreshPlugins (319ms)
				BeforeProcessingInitializeOnLoad (3ms)
				ProcessInitializeOnLoadAttributes (361ms)
				ProcessInitializeOnLoadMethodAttributes (136ms)
				AfterProcessingInitializeOnLoad (0ms)
				EditorAssembliesLoaded (0ms)
			ExecutionOrderSort2 (0ms)
			AwakeInstancesAfterBackupRestoration (0ms)
Platform modules already initialized, skipping
Registering precompiled user dll's ...
Registered in 0.026196 seconds.
Begin MonoManager ReloadAssembly
Native extension for UWP target not found
Native extension for WindowsStandalone target not found
Native extension for OSXStandalone target not found
Refreshing native plugins compatible for Editor in 204.03 ms, found 4 plugins.
Preloading 0 native plugins for Editor in 0.00 ms.
Mono: successfully reloaded assembly
- Completed reload, in  2.890 seconds
Domain Reload Profiling:
	ReloadAssembly (2892ms)
		BeginReloadAssembly (348ms)
			ExecutionOrderSort (0ms)
			DisableScriptedObjects (17ms)
			BackupInstance (0ms)
			ReleaseScriptingObjects (0ms)
			CreateAndSetChildDomain (48ms)
		EndReloadAssembly (2289ms)
			LoadAssemblies (281ms)
			RebuildTransferFunctionScriptingTraits (0ms)
			SetupTypeCache (579ms)
			ReleaseScriptCaches (1ms)
			RebuildScriptCaches (182ms)
			SetupLoadedEditorAssemblies (1265ms)
				LogAssemblyErrors (0ms)
				InitializePlatformSupportModulesInManaged (21ms)
				SetLoadedEditorAssemblies (0ms)
				RefreshPlugins (204ms)
				BeforeProcessingInitializeOnLoad (260ms)
				ProcessInitializeOnLoadAttributes (590ms)
				ProcessInitializeOnLoadMethodAttributes (174ms)
				AfterProcessingInitializeOnLoad (14ms)
				EditorAssembliesLoaded (1ms)
			ExecutionOrderSort2 (0ms)
			AwakeInstancesAfterBackupRestoration (10ms)
Platform modules already initialized, skipping
========================================================================
Worker process is ready to serve import requests
Shader 'MapMagic/TerrainPreviewHDRP': dependency 'BaseMapShader' shader 'Hidden/HDRP/TerrainLit_Basemap' not found
Shader 'MapMagic/TerrainPreviewHDRP': dependency 'BaseMapGenShader' shader 'Hidden/HDRP/TerrainLit_BasemapGen' not found
Shader 'MapMagic/TerrainPreviewHDRP': dependency 'BaseMapShader' shader 'Hidden/HDRP/TerrainLit_Basemap' not found
Shader 'MapMagic/TerrainPreviewHDRP': dependency 'BaseMapGenShader' shader 'Hidden/HDRP/TerrainLit_BasemapGen' not found
Launched and connected shader compiler UnityShaderCompiler.exe after 0.35 seconds
Refreshing native plugins compatible for Editor in 1.78 ms, found 4 plugins.
Preloading 0 native plugins for Editor in 0.00 ms.
Unloading 6522 Unused Serialized files (Serialized files now loaded: 0)
Unloading 102 unused Assets / (98.8 MB). Loaded Objects now: 6943.
Memory consumption went from 500.5 MB to 401.7 MB.
Total: 10.901700 ms (FindLiveObjects: 0.659700 ms CreateObjectMapping: 0.518900 ms MarkObjects: 3.489100 ms  DeleteObjects: 6.232900 ms)

AssetImportParameters requested are different than current active one (requested -> active):
  custom:video-decoder-ogg-theora: a1e56fd34408186e4bbccfd4996cb3dc -> 
  custom:container-muxer-webm: aa71ff27fc2769a1b78a27578f13a17b -> 
  custom:container-demuxer-webm: 4f35f7cbe854078d1ac9338744f61a02 -> 
  custom:video-encoder-webm-vp8: eb34c28f22e8b96e1ab97ce403110664 -> 
  custom:video-codec-MediaFoundation-h265: 746d11721c4dcdbdad8f713fa42b33f4 -> 
  custom:audio-encoder-webm-vorbis: bf7c407c2cedff20999df2af8eb42d56 -> 
  custom:framework-win-MediaFoundation: 216162199b28c13a410421893ffa2e32 -> 
  custom:container-demuxer-ogg: 62fdf1f143b41e24485cea50d1cbac27 -> 
  custom:video-decoder-webm-vp8: 9c59270c3fd7afecdb556c50c9e8de78 -> 
  custom:audio-decoder-ogg-vorbis: bf7c407c2cedff20999df2af8eb42d56 -> 
========================================================================
Received Import Request.
  Time since last request: 139879.334074 seconds.
  path: Assets/Materials/h.prefab
  artifactKey: Guid(53094af8515d1a14990cc590ad0145f5) Importer(815301076,1909f56bfc062723c751e8b465ee728b)
Start importing Assets/Materials/h.prefab using Guid(53094af8515d1a14990cc590ad0145f5) Importer(815301076,1909f56bfc062723c751e8b465ee728b)  -> (artifact id: 'ee59cd9a64db39574a10fb6b245b11de') in 0.354610 seconds 
========================================================================
Received Import Request.
  Time since last request: 0.000021 seconds.
  path: Assets/Materials/Magic/Fireballs/HeatDistortion_mat.mat
  artifactKey: Guid(889c1994e968ba640b4657e1afb3b163) Importer(815301076,1909f56bfc062723c751e8b465ee728b)
Start importing Assets/Materials/Magic/Fireballs/HeatDistortion_mat.mat using Guid(889c1994e968ba640b4657e1afb3b163) Importer(815301076,1909f56bfc062723c751e8b465ee728b)  -> (artifact id: '7b227f593c37a0273a1862e0519a9dca') in 0.631180 seconds 
========================================================================
Received Import Request.
  Time since last request: 5.495819 seconds.
  path: Assets/Materials/Magic/Fireballs/Shaders/FireballDeath.vfx
  artifactKey: Guid(f8a8583e907ead64bb2ec54e2e6d2b0c) Importer(815301076,1909f56bfc062723c751e8b465ee728b)
Start importing Assets/Materials/Magic/Fireballs/Shaders/FireballDeath.vfx using Guid(f8a8583e907ead64bb2ec54e2e6d2b0c) Importer(815301076,1909f56bfc062723c751e8b465ee728b)  -> (artifact id: '5892a1bb9c695d41d20760bb2e2f34d0') in 0.068646 seconds 
========================================================================
Received Import Request.
  Time since last request: 74.063705 seconds.
  path: Assets/Materials/Magic/Fireballs/Shaders/FireballDeath.vfx
  artifactKey: Guid(f8a8583e907ead64bb2ec54e2e6d2b0c) Importer(815301076,1909f56bfc062723c751e8b465ee728b)
Start importing Assets/Materials/Magic/Fireballs/Shaders/FireballDeath.vfx using Guid(f8a8583e907ead64bb2ec54e2e6d2b0c) Importer(815301076,1909f56bfc062723c751e8b465ee728b)  -> (artifact id: 'aa80d18398759137ef2a83b39c3b5a65') in 0.057053 seconds 
========================================================================
Received Import Request.
  Time since last request: 297.268030 seconds.
  path: Assets/Materials/Magic/Fireballs/Shaders/FireballDeath.vfx
  artifactKey: Guid(f8a8583e907ead64bb2ec54e2e6d2b0c) Importer(815301076,1909f56bfc062723c751e8b465ee728b)
Start importing Assets/Materials/Magic/Fireballs/Shaders/FireballDeath.vfx using Guid(f8a8583e907ead64bb2ec54e2e6d2b0c) Importer(815301076,1909f56bfc062723c751e8b465ee728b)  -> (artifact id: '33af2864c6948e868cb993277ddaaf9b') in 0.067181 seconds 
========================================================================
Received Import Request.
  Time since last request: 303.987268 seconds.
  path: Assets/Materials/Magic/Fireballs/Shaders/FireballDeath.vfx
  artifactKey: Guid(f8a8583e907ead64bb2ec54e2e6d2b0c) Importer(815301076,1909f56bfc062723c751e8b465ee728b)
Start importing Assets/Materials/Magic/Fireballs/Shaders/FireballDeath.vfx using Guid(f8a8583e907ead64bb2ec54e2e6d2b0c) Importer(815301076,1909f56bfc062723c751e8b465ee728b)  -> (artifact id: '2ea8dbacdb81bc2a86adf81e40216f32') in 0.056707 seconds 
========================================================================
Received Import Request.
  Time since last request: 10.320368 seconds.
  path: Assets/Materials/Magic/Fireballs/Shaders/FireballDeath.vfx
  artifactKey: Guid(f8a8583e907ead64bb2ec54e2e6d2b0c) Importer(815301076,1909f56bfc062723c751e8b465ee728b)
Start importing Assets/Materials/Magic/Fireballs/Shaders/FireballDeath.vfx using Guid(f8a8583e907ead64bb2ec54e2e6d2b0c) Importer(815301076,1909f56bfc062723c751e8b465ee728b)  -> (artifact id: 'c78c111efd451b421871327ca9733953') in 0.051692 seconds 
========================================================================
Received Import Request.
  Time since last request: 10.862464 seconds.
  path: Assets/Materials/Magic/Fireballs/Shaders/FireballDeath.vfx
  artifactKey: Guid(f8a8583e907ead64bb2ec54e2e6d2b0c) Importer(815301076,1909f56bfc062723c751e8b465ee728b)
Start importing Assets/Materials/Magic/Fireballs/Shaders/FireballDeath.vfx using Guid(f8a8583e907ead64bb2ec54e2e6d2b0c) Importer(815301076,1909f56bfc062723c751e8b465ee728b)  -> (artifact id: 'b1d342f7dc9b0208904342208bd61bee') in 0.080300 seconds 
========================================================================
Received Import Request.
  Time since last request: 162.345893 seconds.
  path: Assets/Materials/Magic/Fireballs/Shaders/FireballDeath.vfx
  artifactKey: Guid(f8a8583e907ead64bb2ec54e2e6d2b0c) Importer(815301076,1909f56bfc062723c751e8b465ee728b)
Start importing Assets/Materials/Magic/Fireballs/Shaders/FireballDeath.vfx using Guid(f8a8583e907ead64bb2ec54e2e6d2b0c) Importer(815301076,1909f56bfc062723c751e8b465ee728b)  -> (artifact id: '3e09434fcacf3b704bff9f66122b0acc') in 0.296702 seconds 
========================================================================
Received Import Request.
  Time since last request: 24.908762 seconds.
  path: Assets/Materials/Magic/Fireballs/Shaders/FireballDeath.vfx
  artifactKey: Guid(f8a8583e907ead64bb2ec54e2e6d2b0c) Importer(815301076,1909f56bfc062723c751e8b465ee728b)
Start importing Assets/Materials/Magic/Fireballs/Shaders/FireballDeath.vfx using Guid(f8a8583e907ead64bb2ec54e2e6d2b0c) Importer(815301076,1909f56bfc062723c751e8b465ee728b)  -> (artifact id: 'c9e94fbfda96b49641278d4b20f3181c') in 0.263475 seconds 
========================================================================
Received Import Request.
  Time since last request: 40.414665 seconds.
  path: Assets/Materials/Magic/Fireballs/Shaders/FireballDeath.vfx
  artifactKey: Guid(f8a8583e907ead64bb2ec54e2e6d2b0c) Importer(815301076,1909f56bfc062723c751e8b465ee728b)
Start importing Assets/Materials/Magic/Fireballs/Shaders/FireballDeath.vfx using Guid(f8a8583e907ead64bb2ec54e2e6d2b0c) Importer(815301076,1909f56bfc062723c751e8b465ee728b)  -> (artifact id: 'fecb9ad33bead76731ead5685cd6b655') in 0.354588 seconds 
========================================================================
Received Import Request.
  Time since last request: 2.334467 seconds.
  path: Assets/Materials/Magic/Fireballs/Shaders/FireballDeath.vfx
  artifactKey: Guid(f8a8583e907ead64bb2ec54e2e6d2b0c) Importer(815301076,1909f56bfc062723c751e8b465ee728b)
Start importing Assets/Materials/Magic/Fireballs/Shaders/FireballDeath.vfx using Guid(f8a8583e907ead64bb2ec54e2e6d2b0c) Importer(815301076,1909f56bfc062723c751e8b465ee728b)  -> (artifact id: '6fafc4b0ca5991d6458293be412d0593') in 0.412488 seconds 
========================================================================
Received Import Request.
  Time since last request: 29.971116 seconds.
  path: Assets/Materials/Magic/Fireballs/Shaders/FireballDeath.vfx
  artifactKey: Guid(f8a8583e907ead64bb2ec54e2e6d2b0c) Importer(815301076,1909f56bfc062723c751e8b465ee728b)
Start importing Assets/Materials/Magic/Fireballs/Shaders/FireballDeath.vfx using Guid(f8a8583e907ead64bb2ec54e2e6d2b0c) Importer(815301076,1909f56bfc062723c751e8b465ee728b)  -> (artifact id: 'e16177fbd315d7797e9209fd2ff140a8') in 0.283057 seconds 
========================================================================
Received Import Request.
  Time since last request: 4.523836 seconds.
  path: Assets/Materials/Magic/Fireballs/Shaders/FireballDeath.vfx
  artifactKey: Guid(f8a8583e907ead64bb2ec54e2e6d2b0c) Importer(815301076,1909f56bfc062723c751e8b465ee728b)
Start importing Assets/Materials/Magic/Fireballs/Shaders/FireballDeath.vfx using Guid(f8a8583e907ead64bb2ec54e2e6d2b0c) Importer(815301076,1909f56bfc062723c751e8b465ee728b)  -> (artifact id: '6d019d0dd8137b2bf8acffd0015e8e8f') in 0.276599 seconds 
========================================================================
Received Import Request.
  Time since last request: 3.786895 seconds.
  path: Assets/Materials/Magic/Fireballs/Shaders/FireballDeath.vfx
  artifactKey: Guid(f8a8583e907ead64bb2ec54e2e6d2b0c) Importer(815301076,1909f56bfc062723c751e8b465ee728b)
Start importing Assets/Materials/Magic/Fireballs/Shaders/FireballDeath.vfx using Guid(f8a8583e907ead64bb2ec54e2e6d2b0c) Importer(815301076,1909f56bfc062723c751e8b465ee728b)  -> (artifact id: 'fe677e965dc63cc13a6da7dbbc915053') in 0.284572 seconds 
