Base path: 'C:/Program Files/Unity/Hub/Editor/2021.3.4f1/Editor/Data', plugins path 'C:/Program Files/Unity/Hub/Editor/2021.3.4f1/Editor/Data/PlaybackEngines'
Cmd: initializeCompiler

Cmd: compileComputeKernel
  insize=6431 file=Assets/Materials/Magic/Fireballs/Shaders/FireballDeath.vfx kernel=CSMain cachingPP=1 ppOnly=0 stripLineD=0 buildPlatform=2 km=<UNITY_VERSION=202134> pKW=UNITY_ENABLE_REFLECTION_BUFFERS UNITY_USE_DITHER_MASK_FOR_ALPHABLENDED_SHADOWS UNITY_PBS_USE_BRDF1 UNITY_SPECCUBE_BOX_PROJECTION UNITY_SPECCUBE_BLENDING UNITY_ENABLE_DETAIL_NORMALMAP SHADER_API_DESKTOP UNITY_LIGHT_PROBE_PROXY_VOLUME UNITY_LIGHTMAP_FULL_HDR uKW=SHADER_STAGE_COMPUTE platform=metal flags=4096 reqs=16385 forceDXC=0 forceFXC=0 ok=1 outsize=3710

Cmd: compileComputeKernel
  insize=7825 file=Packages/com.unity.visualeffectgraph/Editor/Templates/SimpleSwarmParticleSystem.vfx kernel=CSMain cachingPP=1 ppOnly=0 stripLineD=0 buildPlatform=2 km=<UNITY_VERSION=202134> pKW=UNITY_ENABLE_REFLECTION_BUFFERS UNITY_USE_DITHER_MASK_FOR_ALPHABLENDED_SHADOWS UNITY_PBS_USE_BRDF1 UNITY_SPECCUBE_BOX_PROJECTION UNITY_SPECCUBE_BLENDING UNITY_ENABLE_DETAIL_NORMALMAP SHADER_API_DESKTOP UNITY_LIGHT_PROBE_PROXY_VOLUME UNITY_LIGHTMAP_FULL_HDR uKW=SHADER_STAGE_COMPUTE platform=metal flags=4096 reqs=16385 forceDXC=0 forceFXC=0 ok=1 outsize=9745

Cmd: compileComputeKernel
  insize=8104 file=Assets/Materials/Magic/Fireballs/Shaders/MagicGrenade.vfx kernel=CSMain cachingPP=1 ppOnly=0 stripLineD=0 buildPlatform=2 km=<UNITY_VERSION=202134> pKW=UNITY_ENABLE_REFLECTION_BUFFERS UNITY_USE_DITHER_MASK_FOR_ALPHABLENDED_SHADOWS UNITY_PBS_USE_BRDF1 UNITY_SPECCUBE_BOX_PROJECTION UNITY_SPECCUBE_BLENDING UNITY_ENABLE_DETAIL_NORMALMAP SHADER_API_DESKTOP UNITY_LIGHT_PROBE_PROXY_VOLUME UNITY_LIGHTMAP_FULL_HDR uKW=SHADER_STAGE_COMPUTE platform=metal flags=4096 reqs=16385 forceDXC=0 forceFXC=0 ok=1 outsize=5302

Cmd: compileComputeKernel
  insize=8009 file=Packages/com.unity.visualeffectgraph/Editor/Templates/SimpleHeadsAndSparks.vfx kernel=CSMain cachingPP=1 ppOnly=0 stripLineD=0 buildPlatform=2 km=<UNITY_VERSION=202134> pKW=UNITY_ENABLE_REFLECTION_BUFFERS UNITY_USE_DITHER_MASK_FOR_ALPHABLENDED_SHADOWS UNITY_PBS_USE_BRDF1 UNITY_SPECCUBE_BOX_PROJECTION UNITY_SPECCUBE_BLENDING UNITY_ENABLE_DETAIL_NORMALMAP SHADER_API_DESKTOP UNITY_LIGHT_PROBE_PROXY_VOLUME UNITY_LIGHTMAP_FULL_HDR uKW=SHADER_STAGE_COMPUTE platform=metal flags=4096 reqs=16385 forceDXC=0 forceFXC=0 ok=1 outsize=5245

Cmd: compileComputeKernel
  insize=20581 file=Packages/com.unity.visualeffectgraph/Shaders/SDFBaker/GenSdfRayMap.compute kernel=GenerateTrianglesUV cachingPP=1 ppOnly=0 stripLineD=0 buildPlatform=2 km=<UNITY_VERSION=202134> pKW=UNITY_ENABLE_REFLECTION_BUFFERS UNITY_USE_DITHER_MASK_FOR_ALPHABLENDED_SHADOWS UNITY_PBS_USE_BRDF1 UNITY_SPECCUBE_BOX_PROJECTION UNITY_SPECCUBE_BLENDING UNITY_ENABLE_DETAIL_NORMALMAP SHADER_API_DESKTOP UNITY_LIGHT_PROBE_PROXY_VOLUME UNITY_LIGHTMAP_FULL_HDR uKW=SHADER_STAGE_COMPUTE platform=metal flags=4096 reqs=16385 forceDXC=0 forceFXC=0 ok=1 outsize=4078

Cmd: compileComputeKernel
  insize=20581 file=Packages/com.unity.visualeffectgraph/Shaders/SDFBaker/GenSdfRayMap.compute kernel=DistanceTransform cachingPP=1 ppOnly=0 stripLineD=0 buildPlatform=2 km=<UNITY_VERSION=202134> pKW=UNITY_ENABLE_REFLECTION_BUFFERS UNITY_USE_DITHER_MASK_FOR_ALPHABLENDED_SHADOWS UNITY_PBS_USE_BRDF1 UNITY_SPECCUBE_BOX_PROJECTION UNITY_SPECCUBE_BLENDING UNITY_ENABLE_DETAIL_NORMALMAP SHADER_API_DESKTOP UNITY_LIGHT_PROBE_PROXY_VOLUME UNITY_LIGHTMAP_FULL_HDR uKW=SHADER_STAGE_COMPUTE platform=metal flags=4096 reqs=16385 forceDXC=0 forceFXC=0 ok=1 outsize=8183

Cmd: compileComputeKernel
  insize=1408 file=Packages/com.unity.visualeffectgraph/Shaders/VFXCopyBuffer.compute kernel=CSVFXZeroInitBuffer cachingPP=1 ppOnly=0 stripLineD=0 buildPlatform=2 km=<UNITY_VERSION=202134> pKW=UNITY_ENABLE_REFLECTION_BUFFERS UNITY_USE_DITHER_MASK_FOR_ALPHABLENDED_SHADOWS UNITY_PBS_USE_BRDF1 UNITY_SPECCUBE_BOX_PROJECTION UNITY_SPECCUBE_BLENDING UNITY_ENABLE_DETAIL_NORMALMAP SHADER_API_DESKTOP UNITY_LIGHT_PROBE_PROXY_VOLUME UNITY_LIGHTMAP_FULL_HDR uKW=SHADER_STAGE_COMPUTE platform=metal flags=4096 reqs=16385 forceDXC=0 forceFXC=0 ok=1 outsize=1029

Cmd: compileComputeKernel
  insize=1738 file=Assets/Non-Wyrmheart files/GPUInstancer/Resources/Compute/CSInstancedRenderingVisibilityKernel.compute kernel=CSInstancedRenderingVisibilityKernelLOD2 cachingPP=1 ppOnly=0 stripLineD=0 buildPlatform=2 km=<UNITY_VERSION=202134> pKW=UNITY_ENABLE_REFLECTION_BUFFERS UNITY_USE_DITHER_MASK_FOR_ALPHABLENDED_SHADOWS UNITY_PBS_USE_BRDF1 UNITY_SPECCUBE_BOX_PROJECTION UNITY_SPECCUBE_BLENDING UNITY_ENABLE_DETAIL_NORMALMAP SHADER_API_DESKTOP UNITY_LIGHT_PROBE_PROXY_VOLUME UNITY_LIGHTMAP_FULL_HDR uKW=SHADER_STAGE_COMPUTE platform=metal flags=4096 reqs=16385 forceDXC=0 forceFXC=0 ok=1 outsize=3005

Cmd: compileComputeKernel
  insize=9309 file=Packages/com.unity.visualeffectgraph/Shaders/Sort.compute kernel=BitonicSort128 cachingPP=1 ppOnly=0 stripLineD=0 buildPlatform=2 km=<BITONIC_SORT=BitonicSort128>,<ELEMENTS_COUNT=128>,<ITERATIONS_COUNT=1>,<FINAL_PASS=1>,<UNITY_VERSION=202134> pKW=UNITY_ENABLE_REFLECTION_BUFFERS UNITY_USE_DITHER_MASK_FOR_ALPHABLENDED_SHADOWS UNITY_PBS_USE_BRDF1 UNITY_SPECCUBE_BOX_PROJECTION UNITY_SPECCUBE_BLENDING UNITY_ENABLE_DETAIL_NORMALMAP SHADER_API_DESKTOP UNITY_LIGHT_PROBE_PROXY_VOLUME UNITY_LIGHTMAP_FULL_HDR uKW=SHADER_STAGE_COMPUTE platform=metal flags=4096 reqs=16385 forceDXC=0 forceFXC=0 ok=1 outsize=4831

Cmd: compileComputeKernel
  insize=1432 file=Assets/Non-Wyrmheart files/GPUInstancer/Resources/Compute/CSTreeInstantiationKernel.compute kernel=CSTreeInstantiationKernel cachingPP=1 ppOnly=0 stripLineD=0 buildPlatform=2 km=<UNITY_VERSION=202134> pKW=UNITY_ENABLE_REFLECTION_BUFFERS UNITY_USE_DITHER_MASK_FOR_ALPHABLENDED_SHADOWS UNITY_PBS_USE_BRDF1 UNITY_SPECCUBE_BOX_PROJECTION UNITY_SPECCUBE_BLENDING UNITY_ENABLE_DETAIL_NORMALMAP SHADER_API_DESKTOP UNITY_LIGHT_PROBE_PROXY_VOLUME UNITY_LIGHTMAP_FULL_HDR uKW=SHADER_STAGE_COMPUTE platform=metal flags=4096 reqs=16385 forceDXC=0 forceFXC=0 ok=1 outsize=4923

Cmd: compileComputeKernel
  insize=18315 file=Packages/com.unity.postprocessing/PostProcessing/Shaders/Builtins/MultiScaleVOUpsample.compute kernel=MultiScaleVOUpSample_MSAA_invert cachingPP=1 ppOnly=0 stripLineD=0 buildPlatform=2 km=<MAIN=MultiScaleVOUpSample_MSAA_invert>,<MSAA=1>,<INVERT=1>,<UNITY_VERSION=202134> pKW=UNITY_ENABLE_REFLECTION_BUFFERS UNITY_USE_DITHER_MASK_FOR_ALPHABLENDED_SHADOWS UNITY_PBS_USE_BRDF1 UNITY_SPECCUBE_BOX_PROJECTION UNITY_SPECCUBE_BLENDING UNITY_ENABLE_DETAIL_NORMALMAP SHADER_API_DESKTOP UNITY_LIGHT_PROBE_PROXY_VOLUME UNITY_LIGHTMAP_FULL_HDR uKW=SHADER_STAGE_COMPUTE platform=metal flags=4096 reqs=16385 forceDXC=0 forceFXC=0 ok=1 outsize=24682

Cmd: compileComputeKernel
  insize=7129 file=Packages/com.unity.render-pipelines.core/Editor/Lighting/ProbeVolume/ProbeVolumeSubdivide.compute kernel=FinalPass cachingPP=1 ppOnly=0 stripLineD=0 buildPlatform=2 km=<UNITY_VERSION=202134> pKW=UNITY_ENABLE_REFLECTION_BUFFERS UNITY_USE_DITHER_MASK_FOR_ALPHABLENDED_SHADOWS UNITY_PBS_USE_BRDF1 UNITY_SPECCUBE_BOX_PROJECTION UNITY_SPECCUBE_BLENDING UNITY_ENABLE_DETAIL_NORMALMAP SHADER_API_DESKTOP UNITY_LIGHT_PROBE_PROXY_VOLUME UNITY_LIGHTMAP_FULL_HDR uKW=SHADER_STAGE_COMPUTE platform=metal flags=4096 reqs=16385 forceDXC=0 forceFXC=0 ok=1 outsize=1129

Cmd: compileComputeKernel
  insize=1422 file=Assets/Non-Wyrmheart files/GPUInstancer/Resources/Compute/CSInstancedRenderingVisibilityKernelVulkan.compute kernel=CSInstancedRenderingVisibilityKernelLOD2 cachingPP=1 ppOnly=0 stripLineD=0 buildPlatform=2 km=<UNITY_VERSION=202134> pKW=UNITY_ENABLE_REFLECTION_BUFFERS UNITY_USE_DITHER_MASK_FOR_ALPHABLENDED_SHADOWS UNITY_PBS_USE_BRDF1 UNITY_SPECCUBE_BOX_PROJECTION UNITY_SPECCUBE_BLENDING UNITY_ENABLE_DETAIL_NORMALMAP SHADER_API_DESKTOP UNITY_LIGHT_PROBE_PROXY_VOLUME UNITY_LIGHTMAP_FULL_HDR uKW=SHADER_STAGE_COMPUTE platform=metal flags=4096 reqs=16385 forceDXC=0 forceFXC=0 ok=1 outsize=277

Cmd: compileComputeKernel
  insize=5485 file=Packages/com.unity.postprocessing/PostProcessing/Shaders/Builtins/GaussianDownsample.compute kernel=KMain cachingPP=1 ppOnly=0 stripLineD=0 buildPlatform=2 km=<UNITY_VERSION=202134> pKW=UNITY_ENABLE_REFLECTION_BUFFERS UNITY_USE_DITHER_MASK_FOR_ALPHABLENDED_SHADOWS UNITY_PBS_USE_BRDF1 UNITY_SPECCUBE_BOX_PROJECTION UNITY_SPECCUBE_BLENDING UNITY_ENABLE_DETAIL_NORMALMAP SHADER_API_DESKTOP UNITY_LIGHT_PROBE_PROXY_VOLUME UNITY_LIGHTMAP_FULL_HDR uKW=SHADER_STAGE_COMPUTE platform=metal flags=4096 reqs=16385 forceDXC=0 forceFXC=0 ok=1 outsize=13446

Cmd: compileComputeKernel
  insize=6252 file=Assets/Materials/Magic/Fireballs/Shaders/MagicGrenade.vfx kernel=CSMain cachingPP=1 ppOnly=0 stripLineD=0 buildPlatform=19 km=<UNITY_VERSION=202134> pKW=UNITY_ENABLE_REFLECTION_BUFFERS UNITY_USE_DITHER_MASK_FOR_ALPHABLENDED_SHADOWS UNITY_PBS_USE_BRDF1 UNITY_SPECCUBE_BOX_PROJECTION UNITY_SPECCUBE_BLENDING UNITY_ENABLE_DETAIL_NORMALMAP SHADER_API_DESKTOP UNITY_LIGHT_PROBE_PROXY_VOLUME UNITY_LIGHTMAP_FULL_HDR uKW=SHADER_STAGE_COMPUTE platform=d3d11 flags=0 reqs=16385 forceDXC=0 forceFXC=0 ok=1 outsize=955

