Base path: 'C:/Program Files/Unity/Hub/Editor/2021.3.4f1/Editor/Data', plugins path 'C:/Program Files/Unity/Hub/Editor/2021.3.4f1/Editor/Data/PlaybackEngines'
Cmd: initializeCompiler

Cmd: compileComputeKernel
  insize=8079 file=Assets/Materials/Magic/Fireballs/Shaders/MagicGrenade.vfx kernel=CSMain cachingPP=1 ppOnly=0 stripLineD=0 buildPlatform=2 km=<UNITY_VERSION=202134> pKW=UNITY_ENABLE_REFLECTION_BUFFERS UNITY_USE_DITHER_MASK_FOR_ALPHABLENDED_SHADOWS UNITY_PBS_USE_BRDF1 UNITY_SPECCUBE_BOX_PROJECTION UNITY_SPECCUBE_BLENDING UNITY_ENABLE_DETAIL_NORMALMAP SHADER_API_DESKTOP UNITY_LIGHT_PROBE_PROXY_VOLUME UNITY_LIGHTMAP_FULL_HDR uKW=SHADER_STAGE_COMPUTE platform=metal flags=4096 reqs=16385 forceDXC=0 forceFXC=0 ok=1 outsize=9457

Cmd: compileComputeKernel
  insize=9131 file=Packages/com.unity.visualeffectgraph/Editor/Templates/SimpleHeadsAndSparks.vfx kernel=CSMain cachingPP=1 ppOnly=0 stripLineD=0 buildPlatform=2 km=<UNITY_VERSION=202134> pKW=UNITY_ENABLE_REFLECTION_BUFFERS UNITY_USE_DITHER_MASK_FOR_ALPHABLENDED_SHADOWS UNITY_PBS_USE_BRDF1 UNITY_SPECCUBE_BOX_PROJECTION UNITY_SPECCUBE_BLENDING UNITY_ENABLE_DETAIL_NORMALMAP SHADER_API_DESKTOP UNITY_LIGHT_PROBE_PROXY_VOLUME UNITY_LIGHTMAP_FULL_HDR uKW=SHADER_STAGE_COMPUTE platform=metal flags=4096 reqs=16385 forceDXC=0 forceFXC=0 ok=1 outsize=6094

Cmd: compileComputeKernel
  insize=20581 file=Packages/com.unity.visualeffectgraph/Shaders/SDFBaker/GenSdfRayMap.compute kernel=ConservativeRasterization cachingPP=1 ppOnly=0 stripLineD=0 buildPlatform=2 km=<UNITY_VERSION=202134> pKW=UNITY_ENABLE_REFLECTION_BUFFERS UNITY_USE_DITHER_MASK_FOR_ALPHABLENDED_SHADOWS UNITY_PBS_USE_BRDF1 UNITY_SPECCUBE_BOX_PROJECTION UNITY_SPECCUBE_BLENDING UNITY_ENABLE_DETAIL_NORMALMAP SHADER_API_DESKTOP UNITY_LIGHT_PROBE_PROXY_VOLUME UNITY_LIGHTMAP_FULL_HDR uKW=SHADER_STAGE_COMPUTE platform=metal flags=4096 reqs=16385 forceDXC=0 forceFXC=0 ok=1 outsize=8040

Cmd: compileComputeKernel
  insize=20581 file=Packages/com.unity.visualeffectgraph/Shaders/SDFBaker/GenSdfRayMap.compute kernel=CopyBuffers cachingPP=1 ppOnly=0 stripLineD=0 buildPlatform=2 km=<UNITY_VERSION=202134> pKW=UNITY_ENABLE_REFLECTION_BUFFERS UNITY_USE_DITHER_MASK_FOR_ALPHABLENDED_SHADOWS UNITY_PBS_USE_BRDF1 UNITY_SPECCUBE_BOX_PROJECTION UNITY_SPECCUBE_BLENDING UNITY_ENABLE_DETAIL_NORMALMAP SHADER_API_DESKTOP UNITY_LIGHT_PROBE_PROXY_VOLUME UNITY_LIGHTMAP_FULL_HDR uKW=SHADER_STAGE_COMPUTE platform=metal flags=4096 reqs=16385 forceDXC=0 forceFXC=0 ok=1 outsize=1782

Cmd: compileComputeKernel
  insize=4983 file=Packages/com.unity.visualeffectgraph/Shaders/VFXFillIndirectArgs.compute kernel=CSVFXIndirectArgs cachingPP=1 ppOnly=0 stripLineD=0 buildPlatform=2 km=<UNITY_VERSION=202134> pKW=UNITY_ENABLE_REFLECTION_BUFFERS UNITY_USE_DITHER_MASK_FOR_ALPHABLENDED_SHADOWS UNITY_PBS_USE_BRDF1 UNITY_SPECCUBE_BOX_PROJECTION UNITY_SPECCUBE_BLENDING UNITY_ENABLE_DETAIL_NORMALMAP SHADER_API_DESKTOP UNITY_LIGHT_PROBE_PROXY_VOLUME UNITY_LIGHTMAP_FULL_HDR uKW=SHADER_STAGE_COMPUTE platform=metal flags=4096 reqs=16385 forceDXC=0 forceFXC=0 ok=1 outsize=8383

Cmd: compileComputeKernel
  insize=9309 file=Packages/com.unity.visualeffectgraph/Shaders/Sort.compute kernel=MergePass cachingPP=1 ppOnly=0 stripLineD=0 buildPlatform=2 km=<MERGE_PASS=MergePass>,<FINAL_PASS=0>,<UNITY_VERSION=202134> pKW=UNITY_ENABLE_REFLECTION_BUFFERS UNITY_USE_DITHER_MASK_FOR_ALPHABLENDED_SHADOWS UNITY_PBS_USE_BRDF1 UNITY_SPECCUBE_BOX_PROJECTION UNITY_SPECCUBE_BLENDING UNITY_ENABLE_DETAIL_NORMALMAP SHADER_API_DESKTOP UNITY_LIGHT_PROBE_PROXY_VOLUME UNITY_LIGHTMAP_FULL_HDR uKW=SHADER_STAGE_COMPUTE platform=metal flags=4096 reqs=16385 forceDXC=0 forceFXC=0 ok=1 outsize=8507

Cmd: compileComputeKernel
  insize=1893 file=Packages/com.unity.cinemachine/Editor/EditorResources/CMWaveform.compute kernel=KCMWaveformClear cachingPP=1 ppOnly=0 stripLineD=0 buildPlatform=2 km=<UNITY_VERSION=202134> pKW=UNITY_ENABLE_REFLECTION_BUFFERS UNITY_USE_DITHER_MASK_FOR_ALPHABLENDED_SHADOWS UNITY_PBS_USE_BRDF1 UNITY_SPECCUBE_BOX_PROJECTION UNITY_SPECCUBE_BLENDING UNITY_ENABLE_DETAIL_NORMALMAP SHADER_API_DESKTOP UNITY_LIGHT_PROBE_PROXY_VOLUME UNITY_LIGHTMAP_FULL_HDR uKW=SHADER_STAGE_COMPUTE platform=metal flags=4096 reqs=16385 forceDXC=0 forceFXC=0 ok=1 outsize=1197

Cmd: compileComputeKernel
  insize=777 file=Assets/Non-Wyrmheart files/GPUInstancer/Resources/Compute/CSInstancedComputeBufferSetDataPartialKernel.compute kernel=CSInstancedComputeBufferSetDataPartialKernel cachingPP=1 ppOnly=0 stripLineD=0 buildPlatform=2 km=<UNITY_VERSION=202134> pKW=UNITY_ENABLE_REFLECTION_BUFFERS UNITY_USE_DITHER_MASK_FOR_ALPHABLENDED_SHADOWS UNITY_PBS_USE_BRDF1 UNITY_SPECCUBE_BOX_PROJECTION UNITY_SPECCUBE_BLENDING UNITY_ENABLE_DETAIL_NORMALMAP SHADER_API_DESKTOP UNITY_LIGHT_PROBE_PROXY_VOLUME UNITY_LIGHTMAP_FULL_HDR uKW=SHADER_STAGE_COMPUTE platform=metal flags=4096 reqs=16385 forceDXC=0 forceFXC=0 ok=1 outsize=3468

Cmd: compileComputeKernel
  insize=3240 file=Packages/com.unity.postprocessing/PostProcessing/Shaders/Builtins/ExposureHistogram.compute kernel=KEyeHistogramClear cachingPP=1 ppOnly=0 stripLineD=0 buildPlatform=2 km=<UNITY_VERSION=202134> pKW=UNITY_ENABLE_REFLECTION_BUFFERS UNITY_USE_DITHER_MASK_FOR_ALPHABLENDED_SHADOWS UNITY_PBS_USE_BRDF1 UNITY_SPECCUBE_BOX_PROJECTION UNITY_SPECCUBE_BLENDING UNITY_ENABLE_DETAIL_NORMALMAP SHADER_API_DESKTOP UNITY_LIGHT_PROBE_PROXY_VOLUME UNITY_LIGHTMAP_FULL_HDR uKW=SHADER_STAGE_COMPUTE platform=metal flags=4096 reqs=16385 forceDXC=0 forceFXC=0 ok=1 outsize=612

Cmd: compileComputeKernel
  insize=10925 file=Packages/com.unity.postprocessing/PostProcessing/Shaders/Builtins/MultiScaleVORender.compute kernel=MultiScaleVORender_interleaved cachingPP=1 ppOnly=0 stripLineD=0 buildPlatform=2 km=<MAIN=MultiScaleVORender_interleaved>,<INTERLEAVE_RESULT=1>,<UNITY_VERSION=202134> pKW=UNITY_ENABLE_REFLECTION_BUFFERS UNITY_USE_DITHER_MASK_FOR_ALPHABLENDED_SHADOWS UNITY_PBS_USE_BRDF1 UNITY_SPECCUBE_BOX_PROJECTION UNITY_SPECCUBE_BLENDING UNITY_ENABLE_DETAIL_NORMALMAP SHADER_API_DESKTOP UNITY_LIGHT_PROBE_PROXY_VOLUME UNITY_LIGHTMAP_FULL_HDR uKW=SHADER_STAGE_COMPUTE platform=metal flags=4096 reqs=16385 forceDXC=0 forceFXC=0 ok=1 outsize=18618

Cmd: compileComputeKernel
  insize=1883 file=Assets/Non-Wyrmheart files/GPUInstancer/Resources/Compute/CSRuntimeModification.compute kernel=CSRemoveInsideBounds cachingPP=1 ppOnly=0 stripLineD=0 buildPlatform=2 km=<UNITY_VERSION=202134> pKW=UNITY_ENABLE_REFLECTION_BUFFERS UNITY_USE_DITHER_MASK_FOR_ALPHABLENDED_SHADOWS UNITY_PBS_USE_BRDF1 UNITY_SPECCUBE_BOX_PROJECTION UNITY_SPECCUBE_BLENDING UNITY_ENABLE_DETAIL_NORMALMAP SHADER_API_DESKTOP UNITY_LIGHT_PROBE_PROXY_VOLUME UNITY_LIGHTMAP_FULL_HDR uKW=SHADER_STAGE_COMPUTE platform=metal flags=4096 reqs=16385 forceDXC=0 forceFXC=0 ok=1 outsize=2945

Cmd: compileComputeKernel
  insize=10189 file=Assets/Materials/Magic/Fireballs/Shaders/MagicGrenade.vfx kernel=CSMain cachingPP=1 ppOnly=0 stripLineD=0 buildPlatform=19 km=<UNITY_VERSION=202134> pKW=UNITY_ENABLE_REFLECTION_BUFFERS UNITY_USE_DITHER_MASK_FOR_ALPHABLENDED_SHADOWS UNITY_PBS_USE_BRDF1 UNITY_SPECCUBE_BOX_PROJECTION UNITY_SPECCUBE_BLENDING UNITY_ENABLE_DETAIL_NORMALMAP SHADER_API_DESKTOP UNITY_LIGHT_PROBE_PROXY_VOLUME UNITY_LIGHTMAP_FULL_HDR uKW=SHADER_STAGE_COMPUTE platform=d3d11 flags=0 reqs=16385 forceDXC=0 forceFXC=0 ok=1 outsize=3623

