Base path: 'C:/Program Files/Unity/Hub/Editor/2021.3.4f1/Editor/Data', plugins path 'C:/Program Files/Unity/Hub/Editor/2021.3.4f1/Editor/Data/PlaybackEngines'
Cmd: initializeCompiler

Cmd: compileComputeKernel
  insize=5547 file=Assets/Materials/Magic/Fireballs/Shaders/FireballDeath.vfx kernel=CSMain cachingPP=1 ppOnly=0 stripLineD=0 buildPlatform=2 km=<UNITY_VERSION=202134> pKW=UNITY_ENABLE_REFLECTION_BUFFERS UNITY_USE_DITHER_MASK_FOR_ALPHABLENDED_SHADOWS UNITY_PBS_USE_BRDF1 UNITY_SPECCUBE_BOX_PROJECTION UNITY_SPECCUBE_BLENDING UNITY_ENABLE_DETAIL_NORMALMAP SHADER_API_DESKTOP UNITY_LIGHT_PROBE_PROXY_VOLUME UNITY_LIGHTMAP_FULL_HDR uKW=SHADER_STAGE_COMPUTE platform=metal flags=4096 reqs=16385 forceDXC=0 forceFXC=0 ok=1 outsize=3191

Cmd: compileComputeKernel
  insize=6874 file=Assets/Materials/Magic/Fireballs/Shaders/FireballDeath.vfx kernel=CSMain cachingPP=1 ppOnly=0 stripLineD=0 buildPlatform=2 km=<UNITY_VERSION=202134> pKW=UNITY_ENABLE_REFLECTION_BUFFERS UNITY_USE_DITHER_MASK_FOR_ALPHABLENDED_SHADOWS UNITY_PBS_USE_BRDF1 UNITY_SPECCUBE_BOX_PROJECTION UNITY_SPECCUBE_BLENDING UNITY_ENABLE_DETAIL_NORMALMAP SHADER_API_DESKTOP UNITY_LIGHT_PROBE_PROXY_VOLUME UNITY_LIGHTMAP_FULL_HDR uKW=SHADER_STAGE_COMPUTE platform=metal flags=4096 reqs=16385 forceDXC=0 forceFXC=0 ok=1 outsize=4403

Cmd: compileComputeKernel
  insize=7846 file=Assets/Materials/Magic/Fireballs/Shaders/MagicGrenade.vfx kernel=CSMain cachingPP=1 ppOnly=0 stripLineD=0 buildPlatform=2 km=<UNITY_VERSION=202134> pKW=UNITY_ENABLE_REFLECTION_BUFFERS UNITY_USE_DITHER_MASK_FOR_ALPHABLENDED_SHADOWS UNITY_PBS_USE_BRDF1 UNITY_SPECCUBE_BOX_PROJECTION UNITY_SPECCUBE_BLENDING UNITY_ENABLE_DETAIL_NORMALMAP SHADER_API_DESKTOP UNITY_LIGHT_PROBE_PROXY_VOLUME UNITY_LIGHTMAP_FULL_HDR uKW=SHADER_STAGE_COMPUTE platform=metal flags=4096 reqs=16385 forceDXC=0 forceFXC=0 ok=1 outsize=8317

Cmd: compileComputeKernel
  insize=9293 file=Assets/Materials/Magic/Fireballs/Shaders/MagicGrenade.vfx kernel=CSMain cachingPP=1 ppOnly=0 stripLineD=0 buildPlatform=2 km=<UNITY_VERSION=202134> pKW=UNITY_ENABLE_REFLECTION_BUFFERS UNITY_USE_DITHER_MASK_FOR_ALPHABLENDED_SHADOWS UNITY_PBS_USE_BRDF1 UNITY_SPECCUBE_BOX_PROJECTION UNITY_SPECCUBE_BLENDING UNITY_ENABLE_DETAIL_NORMALMAP SHADER_API_DESKTOP UNITY_LIGHT_PROBE_PROXY_VOLUME UNITY_LIGHTMAP_FULL_HDR uKW=SHADER_STAGE_COMPUTE platform=metal flags=4096 reqs=16385 forceDXC=0 forceFXC=0 ok=1 outsize=5858

Cmd: compileComputeKernel
  insize=11908 file=Assets/Materials/Magic/Fireballs/Shaders/BlackholeParticles.vfx kernel=CSMain cachingPP=1 ppOnly=0 stripLineD=0 buildPlatform=2 km=<UNITY_VERSION=202134> pKW=UNITY_ENABLE_REFLECTION_BUFFERS UNITY_USE_DITHER_MASK_FOR_ALPHABLENDED_SHADOWS UNITY_PBS_USE_BRDF1 UNITY_SPECCUBE_BOX_PROJECTION UNITY_SPECCUBE_BLENDING UNITY_ENABLE_DETAIL_NORMALMAP SHADER_API_DESKTOP UNITY_LIGHT_PROBE_PROXY_VOLUME UNITY_LIGHTMAP_FULL_HDR uKW=SHADER_STAGE_COMPUTE platform=metal flags=4096 reqs=16385 forceDXC=0 forceFXC=0 ok=1 outsize=7789

Cmd: compileComputeKernel
  insize=20581 file=Packages/com.unity.visualeffectgraph/Shaders/SDFBaker/GenSdfRayMap.compute kernel=ClearTexturesAndBuffers cachingPP=1 ppOnly=0 stripLineD=0 buildPlatform=2 km=<UNITY_VERSION=202134> pKW=UNITY_ENABLE_REFLECTION_BUFFERS UNITY_USE_DITHER_MASK_FOR_ALPHABLENDED_SHADOWS UNITY_PBS_USE_BRDF1 UNITY_SPECCUBE_BOX_PROJECTION UNITY_SPECCUBE_BLENDING UNITY_ENABLE_DETAIL_NORMALMAP SHADER_API_DESKTOP UNITY_LIGHT_PROBE_PROXY_VOLUME UNITY_LIGHTMAP_FULL_HDR uKW=SHADER_STAGE_COMPUTE platform=metal flags=4096 reqs=16385 forceDXC=0 forceFXC=0 ok=1 outsize=2837

Cmd: compileComputeKernel
  insize=20581 file=Packages/com.unity.visualeffectgraph/Shaders/SDFBaker/GenSdfRayMap.compute kernel=CopyTextures cachingPP=1 ppOnly=0 stripLineD=0 buildPlatform=2 km=<UNITY_VERSION=202134> pKW=UNITY_ENABLE_REFLECTION_BUFFERS UNITY_USE_DITHER_MASK_FOR_ALPHABLENDED_SHADOWS UNITY_PBS_USE_BRDF1 UNITY_SPECCUBE_BOX_PROJECTION UNITY_SPECCUBE_BLENDING UNITY_ENABLE_DETAIL_NORMALMAP SHADER_API_DESKTOP UNITY_LIGHT_PROBE_PROXY_VOLUME UNITY_LIGHTMAP_FULL_HDR uKW=SHADER_STAGE_COMPUTE platform=metal flags=4096 reqs=16385 forceDXC=0 forceFXC=0 ok=1 outsize=1352

Cmd: compileComputeKernel
  insize=1408 file=Packages/com.unity.visualeffectgraph/Shaders/VFXCopyBuffer.compute kernel=CSVFXCopyBuffer cachingPP=1 ppOnly=0 stripLineD=0 buildPlatform=2 km=<UNITY_VERSION=202134> pKW=UNITY_ENABLE_REFLECTION_BUFFERS UNITY_USE_DITHER_MASK_FOR_ALPHABLENDED_SHADOWS UNITY_PBS_USE_BRDF1 UNITY_SPECCUBE_BOX_PROJECTION UNITY_SPECCUBE_BLENDING UNITY_ENABLE_DETAIL_NORMALMAP SHADER_API_DESKTOP UNITY_LIGHT_PROBE_PROXY_VOLUME UNITY_LIGHTMAP_FULL_HDR uKW=SHADER_STAGE_COMPUTE platform=metal flags=4096 reqs=16385 forceDXC=0 forceFXC=0 ok=1 outsize=1139

Cmd: compileComputeKernel
  insize=1708 file=Assets/Non-Wyrmheart files/GPUInstancer/Resources/Compute/CSInstancedCameraCalculationKernel.compute kernel=CSInstancedCameraCalculationKernel cachingPP=1 ppOnly=0 stripLineD=0 buildPlatform=2 km=<UNITY_VERSION=202134> pKW=UNITY_ENABLE_REFLECTION_BUFFERS UNITY_USE_DITHER_MASK_FOR_ALPHABLENDED_SHADOWS UNITY_PBS_USE_BRDF1 UNITY_SPECCUBE_BOX_PROJECTION UNITY_SPECCUBE_BLENDING UNITY_ENABLE_DETAIL_NORMALMAP SHADER_API_DESKTOP UNITY_LIGHT_PROBE_PROXY_VOLUME UNITY_LIGHTMAP_FULL_HDR uKW=SHADER_STAGE_COMPUTE platform=metal flags=4096 reqs=16385 forceDXC=0 forceFXC=0 ok=1 outsize=22905

Cmd: compileComputeKernel
  insize=5009 file=Packages/com.unity.postprocessing/PostProcessing/Shaders/Builtins/Lut3DBaker.compute kernel=KGenLut3D_AcesTonemap cachingPP=1 ppOnly=0 stripLineD=0 buildPlatform=2 km=<TONEMAPPING_ACES=1>,<UNITY_VERSION=202134> pKW=UNITY_ENABLE_REFLECTION_BUFFERS UNITY_USE_DITHER_MASK_FOR_ALPHABLENDED_SHADOWS UNITY_PBS_USE_BRDF1 UNITY_SPECCUBE_BOX_PROJECTION UNITY_SPECCUBE_BLENDING UNITY_ENABLE_DETAIL_NORMALMAP SHADER_API_DESKTOP UNITY_LIGHT_PROBE_PROXY_VOLUME UNITY_LIGHTMAP_FULL_HDR uKW=SHADER_STAGE_COMPUTE platform=metal flags=4096 reqs=16385 forceDXC=0 forceFXC=0 ok=1 outsize=18499

Cmd: compileComputeKernel
  insize=18315 file=Packages/com.unity.postprocessing/PostProcessing/Shaders/Builtins/MultiScaleVOUpsample.compute kernel=MultiScaleVOUpSample_premin cachingPP=1 ppOnly=0 stripLineD=0 buildPlatform=2 km=<MAIN=MultiScaleVOUpSample_premin>,<COMBINE_LOWER_RESOLUTIONS=1>,<UNITY_VERSION=202134> pKW=UNITY_ENABLE_REFLECTION_BUFFERS UNITY_USE_DITHER_MASK_FOR_ALPHABLENDED_SHADOWS UNITY_PBS_USE_BRDF1 UNITY_SPECCUBE_BOX_PROJECTION UNITY_SPECCUBE_BLENDING UNITY_ENABLE_DETAIL_NORMALMAP SHADER_API_DESKTOP UNITY_LIGHT_PROBE_PROXY_VOLUME UNITY_LIGHTMAP_FULL_HDR uKW=SHADER_STAGE_COMPUTE platform=metal flags=4096 reqs=16385 forceDXC=0 forceFXC=0 ok=1 outsize=16328

Cmd: compileComputeKernel
  insize=7129 file=Packages/com.unity.render-pipelines.core/Editor/Lighting/ProbeVolume/ProbeVolumeSubdivide.compute kernel=Clear cachingPP=1 ppOnly=0 stripLineD=0 buildPlatform=2 km=<UNITY_VERSION=202134> pKW=UNITY_ENABLE_REFLECTION_BUFFERS UNITY_USE_DITHER_MASK_FOR_ALPHABLENDED_SHADOWS UNITY_PBS_USE_BRDF1 UNITY_SPECCUBE_BOX_PROJECTION UNITY_SPECCUBE_BLENDING UNITY_ENABLE_DETAIL_NORMALMAP SHADER_API_DESKTOP UNITY_LIGHT_PROBE_PROXY_VOLUME UNITY_LIGHTMAP_FULL_HDR uKW=SHADER_STAGE_COMPUTE platform=metal flags=4096 reqs=16385 forceDXC=0 forceFXC=0 ok=1 outsize=950

Cmd: compileComputeKernel
  insize=1883 file=Assets/Non-Wyrmheart files/GPUInstancer/Resources/Compute/CSRuntimeModification.compute kernel=CSRemoveInsideCapsule cachingPP=1 ppOnly=0 stripLineD=0 buildPlatform=2 km=<UNITY_VERSION=202134> pKW=UNITY_ENABLE_REFLECTION_BUFFERS UNITY_USE_DITHER_MASK_FOR_ALPHABLENDED_SHADOWS UNITY_PBS_USE_BRDF1 UNITY_SPECCUBE_BOX_PROJECTION UNITY_SPECCUBE_BLENDING UNITY_ENABLE_DETAIL_NORMALMAP SHADER_API_DESKTOP UNITY_LIGHT_PROBE_PROXY_VOLUME UNITY_LIGHTMAP_FULL_HDR uKW=SHADER_STAGE_COMPUTE platform=metal flags=4096 reqs=16385 forceDXC=0 forceFXC=0 ok=1 outsize=6522

Cmd: compileComputeKernel
  insize=2863 file=Assets/Non-Wyrmheart files/GPUInstancer/Demos/CustomComputeShader/Resources/GPUIBoids.compute kernel=CSGPUIBoids cachingPP=1 ppOnly=0 stripLineD=0 buildPlatform=2 km=<UNITY_VERSION=202134> pKW=UNITY_ENABLE_REFLECTION_BUFFERS UNITY_USE_DITHER_MASK_FOR_ALPHABLENDED_SHADOWS UNITY_PBS_USE_BRDF1 UNITY_SPECCUBE_BOX_PROJECTION UNITY_SPECCUBE_BLENDING UNITY_ENABLE_DETAIL_NORMALMAP SHADER_API_DESKTOP UNITY_LIGHT_PROBE_PROXY_VOLUME UNITY_LIGHTMAP_FULL_HDR uKW=SHADER_STAGE_COMPUTE platform=metal flags=4096 reqs=16385 forceDXC=0 forceFXC=0 ok=1 outsize=7777

Cmd: compileComputeKernel
  insize=7343 file=Assets/Materials/Magic/Fireballs/Shaders/FireballDeath.vfx kernel=CSMain cachingPP=1 ppOnly=0 stripLineD=0 buildPlatform=19 km=<UNITY_VERSION=202134> pKW=UNITY_ENABLE_REFLECTION_BUFFERS UNITY_USE_DITHER_MASK_FOR_ALPHABLENDED_SHADOWS UNITY_PBS_USE_BRDF1 UNITY_SPECCUBE_BOX_PROJECTION UNITY_SPECCUBE_BLENDING UNITY_ENABLE_DETAIL_NORMALMAP SHADER_API_DESKTOP UNITY_LIGHT_PROBE_PROXY_VOLUME UNITY_LIGHTMAP_FULL_HDR uKW=SHADER_STAGE_COMPUTE platform=d3d11 flags=0 reqs=16385 forceDXC=0 forceFXC=0 ok=1 outsize=1579

Cmd: compileComputeKernel
  insize=9410 file=Assets/Materials/Magic/Fireballs/Shaders/MagicGrenade.vfx kernel=CSMain cachingPP=1 ppOnly=0 stripLineD=0 buildPlatform=19 km=<UNITY_VERSION=202134> pKW=UNITY_ENABLE_REFLECTION_BUFFERS UNITY_USE_DITHER_MASK_FOR_ALPHABLENDED_SHADOWS UNITY_PBS_USE_BRDF1 UNITY_SPECCUBE_BOX_PROJECTION UNITY_SPECCUBE_BLENDING UNITY_ENABLE_DETAIL_NORMALMAP SHADER_API_DESKTOP UNITY_LIGHT_PROBE_PROXY_VOLUME UNITY_LIGHTMAP_FULL_HDR uKW=SHADER_STAGE_COMPUTE platform=d3d11 flags=0 reqs=16385 forceDXC=0 forceFXC=0 ok=1 outsize=9726

